2020-07-07 15:07:13 [scrapy.utils.log] INFO: Scrapy 2.1.0 started (bot: scrapy_dhoroscope)
2020-07-07 15:07:13 [scrapy.utils.log] INFO: Versions: lxml 4.5.1.0, libxml2 2.9.10, cssselect 1.1.0, parsel 1.6.0, w3lib 1.22.0, Twisted 20.3.0, Python 3.8.2 (default, Apr  9 2020, 12:35:20) - [Clang 11.0.3 (clang-1103.0.32.29)], pyOpenSSL 19.1.0 (OpenSSL 1.1.1g  21 Apr 2020), cryptography 2.9.2, Platform macOS-10.15.5-x86_64-i386-64bit
2020-07-07 15:07:13 [scrapy.utils.log] DEBUG: Using reactor: twisted.internet.selectreactor.SelectReactor
2020-07-07 15:07:13 [scrapy.crawler] INFO: Overridden settings:
{'BOT_NAME': 'scrapy_dhoroscope',
 'LOG_FILE': 'logs/default/hcrawler/88a1997cc06311eabc6e0c4de9be997a.log',
 'NEWSPIDER_MODULE': 'scrapy_dhoroscope.spiders',
 'ROBOTSTXT_OBEY': True,
 'SPIDER_MODULES': ['scrapy_dhoroscope.spiders']}
2020-07-07 15:07:13 [scrapy.extensions.telnet] INFO: Telnet Password: 64ca49a2733c18bb
2020-07-07 15:07:13 [scrapy.middleware] INFO: Enabled extensions:
['scrapy.extensions.corestats.CoreStats',
 'scrapy.extensions.telnet.TelnetConsole',
 'scrapy.extensions.memusage.MemoryUsage',
 'scrapy.extensions.logstats.LogStats']
2020-07-07 15:07:13 [scrapy.middleware] INFO: Enabled downloader middlewares:
['scrapy.downloadermiddlewares.robotstxt.RobotsTxtMiddleware',
 'scrapy.downloadermiddlewares.httpauth.HttpAuthMiddleware',
 'scrapy.downloadermiddlewares.downloadtimeout.DownloadTimeoutMiddleware',
 'scrapy.downloadermiddlewares.defaultheaders.DefaultHeadersMiddleware',
 'scrapy.downloadermiddlewares.useragent.UserAgentMiddleware',
 'scrapy.downloadermiddlewares.retry.RetryMiddleware',
 'scrapy.downloadermiddlewares.redirect.MetaRefreshMiddleware',
 'scrapy.downloadermiddlewares.httpcompression.HttpCompressionMiddleware',
 'scrapy.downloadermiddlewares.redirect.RedirectMiddleware',
 'scrapy.downloadermiddlewares.cookies.CookiesMiddleware',
 'scrapy.downloadermiddlewares.httpproxy.HttpProxyMiddleware',
 'scrapy.downloadermiddlewares.stats.DownloaderStats']
2020-07-07 15:07:13 [scrapy.middleware] INFO: Enabled spider middlewares:
['scrapy.spidermiddlewares.httperror.HttpErrorMiddleware',
 'scrapy.spidermiddlewares.offsite.OffsiteMiddleware',
 'scrapy.spidermiddlewares.referer.RefererMiddleware',
 'scrapy.spidermiddlewares.urllength.UrlLengthMiddleware',
 'scrapy.spidermiddlewares.depth.DepthMiddleware']
2020-07-07 15:07:13 [scrapy.middleware] INFO: Enabled item pipelines:
['scrapy_dhoroscope.pipelines.ScrapyDhoroscopePipeline']
2020-07-07 15:07:13 [scrapy.core.engine] INFO: Spider opened
2020-07-07 15:07:13 [scrapy.extensions.logstats] INFO: Crawled 0 pages (at 0 pages/min), scraped 0 items (at 0 items/min)
2020-07-07 15:07:13 [scrapy.extensions.telnet] INFO: Telnet console listening on 127.0.0.1:6023
2020-07-07 15:07:13 [scrapy.core.engine] ERROR: Error while obtaining start requests
Traceback (most recent call last):
  File "/Users/pranjal/Learn/DHoroscopeAPI/venv/lib/python3.8/site-packages/scrapy/core/engine.py", line 129, in _next_request
    request = next(slot.start_requests)
  File "/Users/pranjal/Learn/DHoroscopeAPI/DHoroscopeCrawler/scrapy_dhoroscope/scrapy_dhoroscope/spiders/hcrawler.py", line 52, in start_requests
    yield scrapy.Request(url=self.url+day, callback=self.parse_sunshine)
TypeError: unsupported operand type(s) for +: 'NoneType' and 'str'
2020-07-07 15:07:13 [scrapy.core.engine] INFO: Closing spider (finished)
2020-07-07 15:07:13 [scrapy.statscollectors] INFO: Dumping Scrapy stats:
{'elapsed_time_seconds': 0.016287,
 'finish_reason': 'finished',
 'finish_time': datetime.datetime(2020, 7, 7, 15, 7, 13, 625500),
 'log_count/ERROR': 1,
 'log_count/INFO': 10,
 'memusage/max': 65695744,
 'memusage/startup': 65695744,
 'start_time': datetime.datetime(2020, 7, 7, 15, 7, 13, 609213)}
2020-07-07 15:07:13 [scrapy.core.engine] INFO: Spider closed (finished)
